<?xml version="1.0" encoding="UTF-8"?>
<!-- Generated by org.testng.reporters.JUnitReportReporter -->
<testsuite hostname="DESKTOP-TK74BCL" failures="0" tests="2" name="PracticeProblemsSelenium.NegativeScenarios" time="6.141" errors="0" timestamp="2025-04-14T19:43:32 IST" skipped="0">
  <testcase classname="PracticeProblemsSelenium.NegativeScenarios" name="validateErrorMessageIncorrectUsernamePassword" time="3.553"/>
  <testcase classname="PracticeProblemsSelenium.NegativeScenarios" name="validateErrorMessageIncorrectUsernamePassword" time="2.588"/>
</testsuite> <!-- PracticeProblemsSelenium.NegativeScenarios -->
