<?xml version="1.0" encoding="UTF-8"?>
<!-- Generated by org.testng.reporters.JUnitXMLReporter -->
<testsuite ignored="0" hostname="DESKTOP-TK74BCL" failures="0" tests="2" name="NegativeScenarios" time="7.747" errors="0" timestamp="2025-04-14T19:42:58 IST">
  <testcase classname="PracticeProblemsSelenium.NegativeScenarios" name="validateErrorMessageIncorrectUsernamePassword" time="0.715"/>
  <testcase classname="PracticeProblemsSelenium.NegativeScenarios" name="validateErrorMessageIncorrectUsernamePassword" time="0.711"/>
</testsuite> <!-- NegativeScenarios -->
