<?xml version="1.0" encoding="UTF-8"?>
<!-- Generated by org.testng.reporters.JUnitXMLReporter -->
<testsuite ignored="0" hostname="Pritam" failures="0" tests="2" name="PositiveScenarios" time="17.6" errors="0" timestamp="2025-04-12T15:39:39 IST">
  <testcase classname="PracticeProblemsSelenium.StandaloneTest" name="positiveE2EOrderCreation" time="5.583"/>
  <testcase classname="PracticeProblemsSelenium.StandaloneTest" name="positiveE2EOrderCreation" time="4.866"/>
</testsuite> <!-- PositiveScenarios -->
