<?xml version="1.0" encoding="UTF-8"?>
<!-- Generated by org.testng.reporters.JUnitXMLReporter -->
<testsuite ignored="4" hostname="Pritam" failures="0" tests="1" name="Test" time="6.169" errors="0" timestamp="2025-04-04T01:07:19 IST">
  <testcase classname="PracticeProblemsSelenium.PracticeSelenium" name="testActionClass" time="3.662"/>
  <testcase classname="PracticeProblemsSelenium.PracticeSelenium" name="testAlerts" time="0.0">
    <ignored/>
  </testcase> <!-- testAlerts -->
  <testcase classname="PracticeProblemsSelenium.PracticeSelenium" name="testDropdowns" time="0.0">
    <ignored/>
  </testcase> <!-- testDropdowns -->
  <testcase classname="PracticeProblemsSelenium.PracticeSelenium" name="testLoginPagePracticeWithSynchronization" time="0.0">
    <ignored/>
  </testcase> <!-- testLoginPagePracticeWithSynchronization -->
  <testcase classname="PracticeProblemsSelenium.PracticeSelenium" name="testCheckboxes" time="0.0">
    <ignored/>
  </testcase> <!-- testCheckboxes -->
</testsuite> <!-- Test -->
