<?xml version="1.0" encoding="UTF-8"?>
<!-- Generated by org.testng.reporters.JUnitXMLReporter -->
<testsuite ignored="0" hostname="Pritam" failures="0" tests="1" name="NegativeScenarios" time="124.567" errors="0" timestamp="2025-04-13T17:06:23 IST">
  <testcase classname="PracticeProblemsSelenium.NegativeScenarios" name="validateErrorMessageIncorrectUsernamePassword" time="0.0">
    <skipped/>
  </testcase> <!-- validateErrorMessageIncorrectUsernamePassword -->
</testsuite> <!-- NegativeScenarios -->
