<?xml version="1.0" encoding="UTF-8"?>
<!-- Generated by org.testng.reporters.JUnitXMLReporter -->
<testsuite ignored="0" hostname="DESKTOP-TK74BCL" failures="0" tests="2" name="PositiveScenarios" time="14.107" errors="0" timestamp="2025-04-14T19:43:32 IST">
  <testcase classname="PracticeProblemsSelenium.StandaloneTest" name="positiveE2EOrderCreation" time="4.203"/>
  <testcase classname="PracticeProblemsSelenium.StandaloneTest" name="positiveE2EOrderCreation" time="4.188"/>
</testsuite> <!-- PositiveScenarios -->
