<?xml version="1.0" encoding="UTF-8"?>
<testng-results ignored="0" total="4" passed="4" failed="0" skipped="0">
  <reporter-output>
  </reporter-output>
  <suite started-at="2025-04-14T19:43:18 IST" name="Suite" finished-at="2025-04-14T19:43:32 IST" duration-ms="14107">
    <groups>
      <group name="Positive">
        <method signature="StandaloneTest.positiveE2EOrderCreation(java.util.HashMap)[pri:0, instance:PracticeProblemsSelenium.StandaloneTest@35841320]" name="positiveE2EOrderCreation" class="PracticeProblemsSelenium.StandaloneTest"/>
      </group> <!-- Positive -->
    </groups>
    <test started-at="2025-04-14T19:43:18 IST" name="NegativeScenarios" finished-at="2025-04-14T19:43:24 IST" duration-ms="6171">
      <class name="PracticeProblemsSelenium.NegativeScenarios">
        <test-method is-config="true" signature="intializedriver()[pri:0, instance:PracticeProblemsSelenium.NegativeScenarios@23f5b5dc]" started-at="2025-04-14T19:43:18 IST" name="intializedriver" finished-at="2025-04-14T19:43:20 IST" duration-ms="1816" status="PASS">
          <reporter-output>
          </reporter-output>
        </test-method> <!-- intializedriver -->
        <test-method signature="validateErrorMessageIncorrectUsernamePassword()[pri:0, instance:PracticeProblemsSelenium.NegativeScenarios@23f5b5dc]" started-at="2025-04-14T19:43:20 IST" name="validateErrorMessageIncorrectUsernamePassword" finished-at="2025-04-14T19:43:21 IST" duration-ms="728" status="PASS">
          <reporter-output>
          </reporter-output>
        </test-method> <!-- validateErrorMessageIncorrectUsernamePassword -->
        <test-method is-config="true" signature="teardown()[pri:0, instance:PracticeProblemsSelenium.NegativeScenarios@23f5b5dc]" started-at="2025-04-14T19:43:21 IST" name="teardown" finished-at="2025-04-14T19:43:21 IST" duration-ms="87" status="PASS">
          <reporter-output>
          </reporter-output>
        </test-method> <!-- teardown -->
        <test-method is-config="true" signature="intializedriver()[pri:0, instance:PracticeProblemsSelenium.NegativeScenarios@23f5b5dc]" started-at="2025-04-14T19:43:21 IST" name="intializedriver" finished-at="2025-04-14T19:43:23 IST" duration-ms="2745" status="PASS">
          <reporter-output>
          </reporter-output>
        </test-method> <!-- intializedriver -->
        <test-method signature="validateErrorMessageIncorrectUsernamePassword()[pri:0, instance:PracticeProblemsSelenium.NegativeScenarios@23f5b5dc]" started-at="2025-04-14T19:43:23 IST" name="validateErrorMessageIncorrectUsernamePassword" finished-at="2025-04-14T19:43:24 IST" duration-ms="685" status="PASS">
          <reporter-output>
          </reporter-output>
        </test-method> <!-- validateErrorMessageIncorrectUsernamePassword -->
        <test-method is-config="true" signature="teardown()[pri:0, instance:PracticeProblemsSelenium.NegativeScenarios@23f5b5dc]" started-at="2025-04-14T19:43:24 IST" name="teardown" finished-at="2025-04-14T19:43:24 IST" duration-ms="80" status="PASS">
          <reporter-output>
          </reporter-output>
        </test-method> <!-- teardown -->
      </class> <!-- PracticeProblemsSelenium.NegativeScenarios -->
    </test> <!-- NegativeScenarios -->
    <test started-at="2025-04-14T19:43:18 IST" name="PositiveScenarios" finished-at="2025-04-14T19:43:32 IST" duration-ms="14107">
      <class name="PracticeProblemsSelenium.StandaloneTest">
        <test-method is-config="true" signature="intializedriver()[pri:0, instance:PracticeProblemsSelenium.StandaloneTest@35841320]" started-at="2025-04-14T19:43:18 IST" name="intializedriver" finished-at="2025-04-14T19:43:21 IST" duration-ms="2608" status="PASS">
          <reporter-output>
          </reporter-output>
        </test-method> <!-- intializedriver -->
        <test-method signature="positiveE2EOrderCreation(java.util.HashMap)[pri:0, instance:PracticeProblemsSelenium.StandaloneTest@35841320]" started-at="2025-04-14T19:43:21 IST" name="positiveE2EOrderCreation" data-provider="getData" finished-at="2025-04-14T19:43:25 IST" duration-ms="4203" status="PASS">
          <params>
            <param index="0">
              <value>
                <![CDATA[{password=Test@1234, product=ADIDAS ORIGINAL, username=pritam.debnath@gmail.com}]]>
              </value>
            </param>
          </params>
          <reporter-output>
          </reporter-output>
        </test-method> <!-- positiveE2EOrderCreation -->
        <test-method is-config="true" signature="teardown()[pri:0, instance:PracticeProblemsSelenium.StandaloneTest@35841320]" started-at="2025-04-14T19:43:25 IST" name="teardown" finished-at="2025-04-14T19:43:25 IST" duration-ms="90" status="PASS">
          <reporter-output>
          </reporter-output>
        </test-method> <!-- teardown -->
        <test-method is-config="true" signature="intializedriver()[pri:0, instance:PracticeProblemsSelenium.StandaloneTest@35841320]" started-at="2025-04-14T19:43:25 IST" name="intializedriver" finished-at="2025-04-14T19:43:28 IST" duration-ms="2738" status="PASS">
          <reporter-output>
          </reporter-output>
        </test-method> <!-- intializedriver -->
        <test-method signature="positiveE2EOrderCreation(java.util.HashMap)[pri:0, instance:PracticeProblemsSelenium.StandaloneTest@35841320]" started-at="2025-04-14T19:43:28 IST" name="positiveE2EOrderCreation" data-provider="getData" finished-at="2025-04-14T19:43:32 IST" duration-ms="4188" status="PASS">
          <params>
            <param index="0">
              <value>
                <![CDATA[{password=Test@12345, product=ZARA COAT 3, username=pritamkol1995@gmail.com}]]>
              </value>
            </param>
          </params>
          <reporter-output>
          </reporter-output>
        </test-method> <!-- positiveE2EOrderCreation -->
        <test-method is-config="true" signature="teardown()[pri:0, instance:PracticeProblemsSelenium.StandaloneTest@35841320]" started-at="2025-04-14T19:43:32 IST" name="teardown" finished-at="2025-04-14T19:43:32 IST" duration-ms="113" status="PASS">
          <reporter-output>
          </reporter-output>
        </test-method> <!-- teardown -->
      </class> <!-- PracticeProblemsSelenium.StandaloneTest -->
    </test> <!-- PositiveScenarios -->
  </suite> <!-- Suite -->
</testng-results>
