<?xml version="1.0" encoding="UTF-8"?>
<!-- Generated by org.testng.reporters.JUnitXMLReporter -->
<testsuite ignored="0" hostname="Pritam" failures="0" tests="2" name="Surefire test" time="105.962" errors="0" timestamp="2025-04-13T16:58:48 IST">
  <testcase classname="PracticeProblemsSelenium.StandaloneTest" name="positiveE2EOrderCreation" time="6.443"/>
  <testcase classname="PracticeProblemsSelenium.StandaloneTest" name="positiveE2EOrderCreation" time="6.217"/>
</testsuite> <!-- Surefire test -->
