<?xml version="1.0" encoding="UTF-8"?>
<testng-results ignored="0" total="4" passed="4" failed="0" skipped="0">
  <reporter-output>
  </reporter-output>
  <suite started-at="2025-04-14T19:42:50 IST" name="Suite" finished-at="2025-04-14T19:43:04 IST" duration-ms="13326">
    <groups>
      <group name="Positive">
        <method signature="StandaloneTest.positiveE2EOrderCreation(java.util.HashMap)[pri:0, instance:PracticeProblemsSelenium.StandaloneTest@2631f68c]" name="positiveE2EOrderCreation" class="PracticeProblemsSelenium.StandaloneTest"/>
      </group> <!-- Positive -->
    </groups>
    <test started-at="2025-04-14T19:42:50 IST" name="NegativeScenarios" finished-at="2025-04-14T19:42:58 IST" duration-ms="7747">
      <class name="PracticeProblemsSelenium.NegativeScenarios">
        <test-method is-config="true" signature="intializedriver()[pri:0, instance:PracticeProblemsSelenium.NegativeScenarios@5dcd8c7a]" started-at="2025-04-14T19:42:50 IST" name="intializedriver" finished-at="2025-04-14T19:42:55 IST" duration-ms="4625" status="PASS">
          <reporter-output>
          </reporter-output>
        </test-method> <!-- intializedriver -->
        <test-method signature="validateErrorMessageIncorrectUsernamePassword()[pri:0, instance:PracticeProblemsSelenium.NegativeScenarios@5dcd8c7a]" started-at="2025-04-14T19:42:55 IST" name="validateErrorMessageIncorrectUsernamePassword" finished-at="2025-04-14T19:42:56 IST" duration-ms="715" status="PASS">
          <reporter-output>
          </reporter-output>
        </test-method> <!-- validateErrorMessageIncorrectUsernamePassword -->
        <test-method is-config="true" signature="teardown()[pri:0, instance:PracticeProblemsSelenium.NegativeScenarios@5dcd8c7a]" started-at="2025-04-14T19:42:56 IST" name="teardown" finished-at="2025-04-14T19:42:56 IST" duration-ms="91" status="PASS">
          <reporter-output>
          </reporter-output>
        </test-method> <!-- teardown -->
        <test-method is-config="true" signature="intializedriver()[pri:0, instance:PracticeProblemsSelenium.NegativeScenarios@5dcd8c7a]" started-at="2025-04-14T19:42:56 IST" name="intializedriver" finished-at="2025-04-14T19:42:57 IST" duration-ms="1447" status="PASS">
          <reporter-output>
          </reporter-output>
        </test-method> <!-- intializedriver -->
        <test-method signature="validateErrorMessageIncorrectUsernamePassword()[pri:0, instance:PracticeProblemsSelenium.NegativeScenarios@5dcd8c7a]" started-at="2025-04-14T19:42:57 IST" name="validateErrorMessageIncorrectUsernamePassword" finished-at="2025-04-14T19:42:58 IST" duration-ms="711" status="PASS">
          <reporter-output>
          </reporter-output>
        </test-method> <!-- validateErrorMessageIncorrectUsernamePassword -->
        <test-method is-config="true" signature="teardown()[pri:0, instance:PracticeProblemsSelenium.NegativeScenarios@5dcd8c7a]" started-at="2025-04-14T19:42:58 IST" name="teardown" finished-at="2025-04-14T19:42:58 IST" duration-ms="124" status="PASS">
          <reporter-output>
          </reporter-output>
        </test-method> <!-- teardown -->
      </class> <!-- PracticeProblemsSelenium.NegativeScenarios -->
    </test> <!-- NegativeScenarios -->
    <test started-at="2025-04-14T19:42:50 IST" name="PositiveScenarios" finished-at="2025-04-14T19:43:04 IST" duration-ms="13326">
      <class name="PracticeProblemsSelenium.StandaloneTest">
        <test-method is-config="true" signature="intializedriver()[pri:0, instance:PracticeProblemsSelenium.StandaloneTest@2631f68c]" started-at="2025-04-14T19:42:50 IST" name="intializedriver" finished-at="2025-04-14T19:42:53 IST" duration-ms="2942" status="PASS">
          <reporter-output>
          </reporter-output>
        </test-method> <!-- intializedriver -->
        <test-method signature="positiveE2EOrderCreation(java.util.HashMap)[pri:0, instance:PracticeProblemsSelenium.StandaloneTest@2631f68c]" started-at="2025-04-14T19:42:53 IST" name="positiveE2EOrderCreation" data-provider="getData" finished-at="2025-04-14T19:42:58 IST" duration-ms="4253" status="PASS">
          <params>
            <param index="0">
              <value>
                <![CDATA[{password=Test@1234, product=ADIDAS ORIGINAL, username=pritam.debnath@gmail.com}]]>
              </value>
            </param>
          </params>
          <reporter-output>
          </reporter-output>
        </test-method> <!-- positiveE2EOrderCreation -->
        <test-method is-config="true" signature="teardown()[pri:0, instance:PracticeProblemsSelenium.StandaloneTest@2631f68c]" started-at="2025-04-14T19:42:58 IST" name="teardown" finished-at="2025-04-14T19:42:58 IST" duration-ms="97" status="PASS">
          <reporter-output>
          </reporter-output>
        </test-method> <!-- teardown -->
        <test-method is-config="true" signature="intializedriver()[pri:0, instance:PracticeProblemsSelenium.StandaloneTest@2631f68c]" started-at="2025-04-14T19:42:58 IST" name="intializedriver" finished-at="2025-04-14T19:42:59 IST" duration-ms="1598" status="PASS">
          <reporter-output>
          </reporter-output>
        </test-method> <!-- intializedriver -->
        <test-method signature="positiveE2EOrderCreation(java.util.HashMap)[pri:0, instance:PracticeProblemsSelenium.StandaloneTest@2631f68c]" started-at="2025-04-14T19:42:59 IST" name="positiveE2EOrderCreation" data-provider="getData" finished-at="2025-04-14T19:43:03 IST" duration-ms="4165" status="PASS">
          <params>
            <param index="0">
              <value>
                <![CDATA[{password=Test@12345, product=ZARA COAT 3, username=pritamkol1995@gmail.com}]]>
              </value>
            </param>
          </params>
          <reporter-output>
          </reporter-output>
        </test-method> <!-- positiveE2EOrderCreation -->
        <test-method is-config="true" signature="teardown()[pri:0, instance:PracticeProblemsSelenium.StandaloneTest@2631f68c]" started-at="2025-04-14T19:43:03 IST" name="teardown" finished-at="2025-04-14T19:43:04 IST" duration-ms="80" status="PASS">
          <reporter-output>
          </reporter-output>
        </test-method> <!-- teardown -->
      </class> <!-- PracticeProblemsSelenium.StandaloneTest -->
    </test> <!-- PositiveScenarios -->
  </suite> <!-- Suite -->
</testng-results>
