<?xml version="1.0" encoding="UTF-8"?>
<testng-results ignored="0" total="1" passed="1" failed="0" skipped="0">
  <reporter-output>
  </reporter-output>
  <suite started-at="2025-03-20T00:37:20 IST" name="Default suite" finished-at="2025-03-20T00:37:24 IST" duration-ms="4078">
    <groups>
    </groups>
    <test started-at="2025-03-20T00:37:20 IST" name="Default test" finished-at="2025-03-20T00:37:24 IST" duration-ms="4078">
      <class name="PracticeProblemsSelenium.Dropdowns">
        <test-method is-config="true" signature="beforeEachtest()[pri:0, instance:PracticeProblemsSelenium.Dropdowns@1349883]" started-at="2025-03-20T00:37:20 IST" name="beforeEachtest" finished-at="2025-03-20T00:37:21 IST" duration-ms="1076" status="PASS">
          <reporter-output>
          </reporter-output>
        </test-method> <!-- beforeEachtest -->
        <test-method signature="testDropdowns()[pri:0, instance:PracticeProblemsSelenium.Dropdowns@1349883]" started-at="2025-03-20T00:37:21 IST" name="testDropdowns" finished-at="2025-03-20T00:37:24 IST" duration-ms="2878" status="PASS">
          <reporter-output>
          </reporter-output>
        </test-method> <!-- testDropdowns -->
        <test-method is-config="true" signature="afterTest()[pri:0, instance:PracticeProblemsSelenium.Dropdowns@1349883]" started-at="2025-03-20T00:37:24 IST" name="afterTest" finished-at="2025-03-20T00:37:24 IST" duration-ms="99" status="PASS">
          <reporter-output>
          </reporter-output>
        </test-method> <!-- afterTest -->
      </class> <!-- PracticeProblemsSelenium.Dropdowns -->
    </test> <!-- Default test -->
  </suite> <!-- Default suite -->
</testng-results>
