<?xml version="1.0" encoding="UTF-8"?>
<testng-results ignored="0" total="1" passed="1" failed="0" skipped="0">
  <reporter-output>
  </reporter-output>
  <suite started-at="2025-04-06T15:32:18 IST" name="Suite" finished-at="2025-04-06T15:32:20 IST" duration-ms="2312">
    <groups>
    </groups>
    <test started-at="2025-04-06T15:32:18 IST" name="Test" finished-at="2025-04-06T15:32:20 IST" duration-ms="2312">
      <class name="PracticeProblemsSelenium.PracticeSelenium">
        <test-method is-config="true" signature="beforeEachtest()[pri:0, instance:PracticeProblemsSelenium.PracticeSelenium@5b218417]" started-at="2025-04-06T15:32:18 IST" name="beforeEachtest" finished-at="2025-04-06T15:32:19 IST" duration-ms="1276" status="PASS">
          <reporter-output>
          </reporter-output>
        </test-method> <!-- beforeEachtest -->
        <test-method signature="testElementScreenshot()[pri:0, instance:PracticeProblemsSelenium.PracticeSelenium@5b218417]" started-at="2025-04-06T15:32:19 IST" name="testElementScreenshot" finished-at="2025-04-06T15:32:20 IST" duration-ms="901" status="PASS">
          <reporter-output>
          </reporter-output>
        </test-method> <!-- testElementScreenshot -->
        <test-method is-config="true" signature="afterTest()[pri:0, instance:PracticeProblemsSelenium.PracticeSelenium@5b218417]" started-at="2025-04-06T15:32:20 IST" name="afterTest" finished-at="2025-04-06T15:32:20 IST" duration-ms="98" status="PASS">
          <reporter-output>
          </reporter-output>
        </test-method> <!-- afterTest -->
      </class> <!-- PracticeProblemsSelenium.PracticeSelenium -->
    </test> <!-- Test -->
  </suite> <!-- Suite -->
</testng-results>
