<?xml version="1.0" encoding="UTF-8"?>
<testng-results ignored="0" total="1" passed="1" failed="0" skipped="0">
  <reporter-output>
  </reporter-output>
  <suite started-at="2025-04-04T01:07:13 IST" name="Suite" finished-at="2025-04-04T01:07:19 IST" duration-ms="6169">
    <groups>
    </groups>
    <test started-at="2025-04-04T01:07:13 IST" name="Test" finished-at="2025-04-04T01:07:19 IST" duration-ms="6169">
      <class name="PracticeProblemsSelenium.PracticeSelenium">
        <test-method is-config="true" signature="beforeEachtest()[pri:0, instance:PracticeProblemsSelenium.PracticeSelenium@489115ef]" started-at="2025-04-04T01:07:13 IST" name="beforeEachtest" finished-at="2025-04-04T01:07:15 IST" duration-ms="2438" status="PASS">
          <reporter-output>
          </reporter-output>
        </test-method> <!-- beforeEachtest -->
        <test-method signature="testActionClass()[pri:0, instance:PracticeProblemsSelenium.PracticeSelenium@489115ef]" started-at="2025-04-04T01:07:15 IST" name="testActionClass" finished-at="2025-04-04T01:07:19 IST" duration-ms="3662" status="PASS">
          <reporter-output>
          </reporter-output>
        </test-method> <!-- testActionClass -->
        <test-method is-config="true" signature="afterTest()[pri:0, instance:PracticeProblemsSelenium.PracticeSelenium@489115ef]" started-at="2025-04-04T01:07:19 IST" name="afterTest" finished-at="2025-04-04T01:07:19 IST" duration-ms="1" status="PASS">
          <reporter-output>
          </reporter-output>
        </test-method> <!-- afterTest -->
      </class> <!-- PracticeProblemsSelenium.PracticeSelenium -->
    </test> <!-- Test -->
  </suite> <!-- Suite -->
</testng-results>
