<?xml version="1.0" encoding="UTF-8"?>
<testng-results ignored="0" total="1" passed="1" failed="0" skipped="0">
  <reporter-output>
  </reporter-output>
  <suite started-at="2025-04-07T00:40:39 IST" name="Suite" finished-at="2025-04-07T00:40:48 IST" duration-ms="8869">
    <groups>
    </groups>
    <test started-at="2025-04-07T00:40:39 IST" name="Test" finished-at="2025-04-07T00:40:48 IST" duration-ms="8869">
      <class name="PracticeProblemsSelenium.PracticeSelenium">
        <test-method is-config="true" signature="beforeEachtest()[pri:0, instance:PracticeProblemsSelenium.PracticeSelenium@3d285d7e]" started-at="2025-04-07T00:40:39 IST" name="beforeEachtest" finished-at="2025-04-07T00:40:46 IST" duration-ms="6905" status="PASS">
          <reporter-output>
          </reporter-output>
        </test-method> <!-- beforeEachtest -->
        <test-method signature="testElementScreenshot()[pri:0, instance:PracticeProblemsSelenium.PracticeSelenium@3d285d7e]" started-at="2025-04-07T00:40:46 IST" name="testElementScreenshot" finished-at="2025-04-07T00:40:48 IST" duration-ms="1739" status="PASS">
          <reporter-output>
          </reporter-output>
        </test-method> <!-- testElementScreenshot -->
        <test-method is-config="true" signature="afterTest()[pri:0, instance:PracticeProblemsSelenium.PracticeSelenium@3d285d7e]" started-at="2025-04-07T00:40:48 IST" name="afterTest" finished-at="2025-04-07T00:40:48 IST" duration-ms="172" status="PASS">
          <reporter-output>
          </reporter-output>
        </test-method> <!-- afterTest -->
      </class> <!-- PracticeProblemsSelenium.PracticeSelenium -->
    </test> <!-- Test -->
  </suite> <!-- Suite -->
</testng-results>
