<?xml version="1.0" encoding="UTF-8"?>
<testng-results ignored="0" total="2" passed="2" failed="0" skipped="0">
  <reporter-output>
  </reporter-output>
  <suite started-at="2025-04-12T00:44:58 IST" name="Suite" finished-at="2025-04-12T00:45:13 IST" duration-ms="15250">
    <groups>
      <group name="Positive">
        <method signature="StandaloneTest.positiveE2EOrderCreation(java.util.HashMap)[pri:0, instance:PracticeProblemsSelenium.StandaloneTest@1cf6d1be]" name="positiveE2EOrderCreation" class="PracticeProblemsSelenium.StandaloneTest"/>
      </group> <!-- Positive -->
    </groups>
    <test started-at="2025-04-12T00:44:58 IST" name="PositiveScenarios" finished-at="2025-04-12T00:45:13 IST" duration-ms="15250">
      <class name="PracticeProblemsSelenium.StandaloneTest">
        <test-method is-config="true" signature="intializedriver()[pri:0, instance:PracticeProblemsSelenium.StandaloneTest@1cf6d1be]" started-at="2025-04-12T00:44:58 IST" name="intializedriver" finished-at="2025-04-12T00:45:02 IST" duration-ms="3623" status="PASS">
          <reporter-output>
          </reporter-output>
        </test-method> <!-- intializedriver -->
        <test-method signature="positiveE2EOrderCreation(java.util.HashMap)[pri:0, instance:PracticeProblemsSelenium.StandaloneTest@1cf6d1be]" started-at="2025-04-12T00:45:02 IST" name="positiveE2EOrderCreation" data-provider="getData" finished-at="2025-04-12T00:45:06 IST" duration-ms="4191" status="PASS">
          <params>
            <param index="0">
              <value>
                <![CDATA[{password=Test@1234, product=ADIDAS ORIGINAL, username=pritam.debnath@gmail.com}]]>
              </value>
            </param>
          </params>
          <reporter-output>
          </reporter-output>
        </test-method> <!-- positiveE2EOrderCreation -->
        <test-method is-config="true" signature="teardown()[pri:0, instance:PracticeProblemsSelenium.StandaloneTest@1cf6d1be]" started-at="2025-04-12T00:45:06 IST" name="teardown" finished-at="2025-04-12T00:45:06 IST" duration-ms="100" status="PASS">
          <reporter-output>
          </reporter-output>
        </test-method> <!-- teardown -->
        <test-method is-config="true" signature="intializedriver()[pri:0, instance:PracticeProblemsSelenium.StandaloneTest@1cf6d1be]" started-at="2025-04-12T00:45:06 IST" name="intializedriver" finished-at="2025-04-12T00:45:09 IST" duration-ms="2880" status="PASS">
          <reporter-output>
          </reporter-output>
        </test-method> <!-- intializedriver -->
        <test-method signature="positiveE2EOrderCreation(java.util.HashMap)[pri:0, instance:PracticeProblemsSelenium.StandaloneTest@1cf6d1be]" started-at="2025-04-12T00:45:09 IST" name="positiveE2EOrderCreation" data-provider="getData" finished-at="2025-04-12T00:45:13 IST" duration-ms="4146" status="PASS">
          <params>
            <param index="0">
              <value>
                <![CDATA[{password=Test@12345, product=ZARA COAT 3, username=pritamkol1995@gmail.com}]]>
              </value>
            </param>
          </params>
          <reporter-output>
          </reporter-output>
        </test-method> <!-- positiveE2EOrderCreation -->
        <test-method is-config="true" signature="teardown()[pri:0, instance:PracticeProblemsSelenium.StandaloneTest@1cf6d1be]" started-at="2025-04-12T00:45:13 IST" name="teardown" finished-at="2025-04-12T00:45:13 IST" duration-ms="111" status="PASS">
          <reporter-output>
          </reporter-output>
        </test-method> <!-- teardown -->
      </class> <!-- PracticeProblemsSelenium.StandaloneTest -->
    </test> <!-- PositiveScenarios -->
  </suite> <!-- Suite -->
</testng-results>
