<?xml version="1.0" encoding="UTF-8"?>
<testng-results ignored="0" total="2" passed="2" failed="0" skipped="0">
  <reporter-output>
  </reporter-output>
  <suite started-at="2025-04-11T20:16:18 IST" name="Suite" finished-at="2025-04-11T20:16:37 IST" duration-ms="19242">
    <groups>
      <group name="Positive">
        <method signature="StandaloneTest.positiveE2EOrderCreation(java.lang.String,java.lang.String,java.lang.String)[pri:0, instance:PracticeProblemsSelenium.StandaloneTest@3b69e7d1]" name="positiveE2EOrderCreation" class="PracticeProblemsSelenium.StandaloneTest"/>
      </group> <!-- Positive -->
    </groups>
    <test started-at="2025-04-11T20:16:18 IST" name="PositiveScenarios" finished-at="2025-04-11T20:16:37 IST" duration-ms="19242">
      <class name="PracticeProblemsSelenium.StandaloneTest">
        <test-method is-config="true" signature="intializedriver()[pri:0, instance:PracticeProblemsSelenium.StandaloneTest@3b69e7d1]" started-at="2025-04-11T20:16:18 IST" name="intializedriver" finished-at="2025-04-11T20:16:21 IST" duration-ms="3228" status="PASS">
          <reporter-output>
          </reporter-output>
        </test-method> <!-- intializedriver -->
        <test-method signature="positiveE2EOrderCreation(java.lang.String,java.lang.String,java.lang.String)[pri:0, instance:PracticeProblemsSelenium.StandaloneTest@3b69e7d1]" started-at="2025-04-11T20:16:21 IST" name="positiveE2EOrderCreation" data-provider="getData" finished-at="2025-04-11T20:16:28 IST" duration-ms="6397" status="PASS">
          <params>
            <param index="0">
              <value>
                <![CDATA[pritam.debnath@gmail.com]]>
              </value>
            </param>
            <param index="1">
              <value>
                <![CDATA[Test@1234]]>
              </value>
            </param>
            <param index="2">
              <value>
                <![CDATA[ADIDAS ORIGINAL]]>
              </value>
            </param>
          </params>
          <reporter-output>
          </reporter-output>
        </test-method> <!-- positiveE2EOrderCreation -->
        <test-method is-config="true" signature="teardown()[pri:0, instance:PracticeProblemsSelenium.StandaloneTest@3b69e7d1]" started-at="2025-04-11T20:16:28 IST" name="teardown" finished-at="2025-04-11T20:16:28 IST" duration-ms="322" status="PASS">
          <reporter-output>
          </reporter-output>
        </test-method> <!-- teardown -->
        <test-method is-config="true" signature="intializedriver()[pri:0, instance:PracticeProblemsSelenium.StandaloneTest@3b69e7d1]" started-at="2025-04-11T20:16:28 IST" name="intializedriver" finished-at="2025-04-11T20:16:32 IST" duration-ms="3417" status="PASS">
          <reporter-output>
          </reporter-output>
        </test-method> <!-- intializedriver -->
        <test-method signature="positiveE2EOrderCreation(java.lang.String,java.lang.String,java.lang.String)[pri:0, instance:PracticeProblemsSelenium.StandaloneTest@3b69e7d1]" started-at="2025-04-11T20:16:32 IST" name="positiveE2EOrderCreation" data-provider="getData" finished-at="2025-04-11T20:16:37 IST" duration-ms="5580" status="PASS">
          <params>
            <param index="0">
              <value>
                <![CDATA[pritamkol1995@gmail.com]]>
              </value>
            </param>
            <param index="1">
              <value>
                <![CDATA[Test@12345]]>
              </value>
            </param>
            <param index="2">
              <value>
                <![CDATA[ZARA COAT 3]]>
              </value>
            </param>
          </params>
          <reporter-output>
          </reporter-output>
        </test-method> <!-- positiveE2EOrderCreation -->
        <test-method is-config="true" signature="teardown()[pri:0, instance:PracticeProblemsSelenium.StandaloneTest@3b69e7d1]" started-at="2025-04-11T20:16:37 IST" name="teardown" finished-at="2025-04-11T20:16:37 IST" duration-ms="205" status="PASS">
          <reporter-output>
          </reporter-output>
        </test-method> <!-- teardown -->
      </class> <!-- PracticeProblemsSelenium.StandaloneTest -->
    </test> <!-- PositiveScenarios -->
  </suite> <!-- Suite -->
</testng-results>
