<?xml version="1.0" encoding="UTF-8"?>
<testng-results ignored="0" total="2" passed="2" failed="0" skipped="0">
  <reporter-output>
  </reporter-output>
  <suite started-at="2025-04-10T01:03:10 IST" name="Suite" finished-at="2025-04-10T01:03:20 IST" duration-ms="9656">
    <groups>
    </groups>
    <test started-at="2025-04-10T01:03:10 IST" name="PositiveScenarios" finished-at="2025-04-10T01:03:18 IST" duration-ms="7412">
      <class name="PracticeProblemsSelenium.StandaloneTest">
        <test-method is-config="true" signature="intializedriver()[pri:0, instance:PracticeProblemsSelenium.StandaloneTest@7d0b7e3c]" started-at="2025-04-10T01:03:10 IST" name="intializedriver" finished-at="2025-04-10T01:03:13 IST" duration-ms="3096" status="PASS">
          <reporter-output>
          </reporter-output>
        </test-method> <!-- intializedriver -->
        <test-method signature="positiveE2EOrderCreation()[pri:0, instance:PracticeProblemsSelenium.StandaloneTest@7d0b7e3c]" started-at="2025-04-10T01:03:13 IST" name="positiveE2EOrderCreation" finished-at="2025-04-10T01:03:17 IST" duration-ms="4183" status="PASS">
          <reporter-output>
          </reporter-output>
        </test-method> <!-- positiveE2EOrderCreation -->
        <test-method is-config="true" signature="teardown()[pri:0, instance:PracticeProblemsSelenium.StandaloneTest@7d0b7e3c]" started-at="2025-04-10T01:03:17 IST" name="teardown" finished-at="2025-04-10T01:03:18 IST" duration-ms="107" status="PASS">
          <reporter-output>
          </reporter-output>
        </test-method> <!-- teardown -->
      </class> <!-- PracticeProblemsSelenium.StandaloneTest -->
    </test> <!-- PositiveScenarios -->
    <test started-at="2025-04-10T01:03:18 IST" name="NegativeScenarios" finished-at="2025-04-10T01:03:20 IST" duration-ms="2224">
      <class name="PracticeProblemsSelenium.NegativeScenarios">
        <test-method is-config="true" signature="intializedriver()[pri:0, instance:PracticeProblemsSelenium.NegativeScenarios@359df09a]" started-at="2025-04-10T01:03:18 IST" name="intializedriver" finished-at="2025-04-10T01:03:19 IST" duration-ms="1408" status="PASS">
          <reporter-output>
          </reporter-output>
        </test-method> <!-- intializedriver -->
        <test-method signature="validateErrorMessageIncorrectUsernamePassword()[pri:0, instance:PracticeProblemsSelenium.NegativeScenarios@359df09a]" started-at="2025-04-10T01:03:19 IST" name="validateErrorMessageIncorrectUsernamePassword" finished-at="2025-04-10T01:03:20 IST" duration-ms="723" status="PASS">
          <reporter-output>
          </reporter-output>
        </test-method> <!-- validateErrorMessageIncorrectUsernamePassword -->
        <test-method is-config="true" signature="teardown()[pri:0, instance:PracticeProblemsSelenium.NegativeScenarios@359df09a]" started-at="2025-04-10T01:03:20 IST" name="teardown" finished-at="2025-04-10T01:03:20 IST" duration-ms="81" status="PASS">
          <reporter-output>
          </reporter-output>
        </test-method> <!-- teardown -->
      </class> <!-- PracticeProblemsSelenium.NegativeScenarios -->
    </test> <!-- NegativeScenarios -->
  </suite> <!-- Suite -->
</testng-results>
