<?xml version="1.0" encoding="UTF-8"?>
<testng-results ignored="0" total="2" passed="2" failed="0" skipped="0">
  <reporter-output>
  </reporter-output>
  <suite started-at="2025-04-10T19:17:40 IST" name="Suite" finished-at="2025-04-10T19:17:49 IST" duration-ms="8539">
    <groups>
      <group name="Positive">
        <method signature="StandaloneTest.positiveE2EOrderCreation()[pri:0, instance:PracticeProblemsSelenium.StandaloneTest@7d0b7e3c]" name="positiveE2EOrderCreation" class="PracticeProblemsSelenium.StandaloneTest"/>
      </group> <!-- Positive -->
    </groups>
    <test started-at="2025-04-10T19:17:40 IST" name="NegativeScenarios" finished-at="2025-04-10T19:17:44 IST" duration-ms="4069">
      <class name="PracticeProblemsSelenium.NegativeScenarios">
        <test-method is-config="true" signature="intializedriver()[pri:0, instance:PracticeProblemsSelenium.NegativeScenarios@359df09a]" started-at="2025-04-10T19:17:40 IST" name="intializedriver" finished-at="2025-04-10T19:17:43 IST" duration-ms="3228" status="PASS">
          <reporter-output>
          </reporter-output>
        </test-method> <!-- intializedriver -->
        <test-method signature="validateErrorMessageIncorrectUsernamePassword()[pri:0, instance:PracticeProblemsSelenium.NegativeScenarios@359df09a]" started-at="2025-04-10T19:17:43 IST" name="validateErrorMessageIncorrectUsernamePassword" finished-at="2025-04-10T19:17:44 IST" duration-ms="719" status="PASS">
          <reporter-output>
          </reporter-output>
        </test-method> <!-- validateErrorMessageIncorrectUsernamePassword -->
        <test-method is-config="true" signature="teardown()[pri:0, instance:PracticeProblemsSelenium.NegativeScenarios@359df09a]" started-at="2025-04-10T19:17:44 IST" name="teardown" finished-at="2025-04-10T19:17:44 IST" duration-ms="90" status="PASS">
          <reporter-output>
          </reporter-output>
        </test-method> <!-- teardown -->
      </class> <!-- PracticeProblemsSelenium.NegativeScenarios -->
    </test> <!-- NegativeScenarios -->
    <test started-at="2025-04-10T19:17:40 IST" name="PositiveScenarios" finished-at="2025-04-10T19:17:49 IST" duration-ms="8539">
      <class name="PracticeProblemsSelenium.StandaloneTest">
        <test-method is-config="true" signature="intializedriver()[pri:0, instance:PracticeProblemsSelenium.StandaloneTest@7d0b7e3c]" started-at="2025-04-10T19:17:40 IST" name="intializedriver" finished-at="2025-04-10T19:17:44 IST" duration-ms="4231" status="PASS">
          <reporter-output>
          </reporter-output>
        </test-method> <!-- intializedriver -->
        <test-method signature="positiveE2EOrderCreation()[pri:0, instance:PracticeProblemsSelenium.StandaloneTest@7d0b7e3c]" started-at="2025-04-10T19:17:44 IST" name="positiveE2EOrderCreation" finished-at="2025-04-10T19:17:48 IST" duration-ms="4157" status="PASS">
          <reporter-output>
          </reporter-output>
        </test-method> <!-- positiveE2EOrderCreation -->
        <test-method is-config="true" signature="teardown()[pri:0, instance:PracticeProblemsSelenium.StandaloneTest@7d0b7e3c]" started-at="2025-04-10T19:17:48 IST" name="teardown" finished-at="2025-04-10T19:17:49 IST" duration-ms="125" status="PASS">
          <reporter-output>
          </reporter-output>
        </test-method> <!-- teardown -->
      </class> <!-- PracticeProblemsSelenium.StandaloneTest -->
    </test> <!-- PositiveScenarios -->
  </suite> <!-- Suite -->
</testng-results>
