<?xml version="1.0" encoding="UTF-8"?>
<testng-results ignored="0" total="2" passed="2" failed="0" skipped="0">
  <reporter-output>
  </reporter-output>
  <suite started-at="2025-04-12T01:32:06 IST" name="Suite" finished-at="2025-04-12T01:32:23 IST" duration-ms="17271">
    <groups>
      <group name="Positive">
        <method signature="StandaloneTest.positiveE2EOrderCreation(java.util.HashMap)[pri:0, instance:PracticeProblemsSelenium.StandaloneTest@217ed35e]" name="positiveE2EOrderCreation" class="PracticeProblemsSelenium.StandaloneTest"/>
      </group> <!-- Positive -->
    </groups>
    <test started-at="2025-04-12T01:32:06 IST" name="PositiveScenarios" finished-at="2025-04-12T01:32:23 IST" duration-ms="17271">
      <class name="PracticeProblemsSelenium.StandaloneTest">
        <test-method is-config="true" signature="intializedriver()[pri:0, instance:PracticeProblemsSelenium.StandaloneTest@217ed35e]" started-at="2025-04-12T01:32:06 IST" name="intializedriver" finished-at="2025-04-12T01:32:08 IST" duration-ms="2514" status="PASS">
          <reporter-output>
          </reporter-output>
        </test-method> <!-- intializedriver -->
        <test-method signature="positiveE2EOrderCreation(java.util.HashMap)[pri:0, instance:PracticeProblemsSelenium.StandaloneTest@217ed35e]" started-at="2025-04-12T01:32:08 IST" name="positiveE2EOrderCreation" data-provider="getData" finished-at="2025-04-12T01:32:14 IST" duration-ms="5695" status="PASS">
          <params>
            <param index="0">
              <value>
                <![CDATA[{password=Test@1234, product=ADIDAS ORIGINAL, username=pritam.debnath@gmail.com}]]>
              </value>
            </param>
          </params>
          <reporter-output>
          </reporter-output>
        </test-method> <!-- positiveE2EOrderCreation -->
        <test-method is-config="true" signature="teardown()[pri:0, instance:PracticeProblemsSelenium.StandaloneTest@217ed35e]" started-at="2025-04-12T01:32:14 IST" name="teardown" finished-at="2025-04-12T01:32:14 IST" duration-ms="206" status="PASS">
          <reporter-output>
          </reporter-output>
        </test-method> <!-- teardown -->
        <test-method is-config="true" signature="intializedriver()[pri:0, instance:PracticeProblemsSelenium.StandaloneTest@217ed35e]" started-at="2025-04-12T01:32:14 IST" name="intializedriver" finished-at="2025-04-12T01:32:18 IST" duration-ms="3246" status="PASS">
          <reporter-output>
          </reporter-output>
        </test-method> <!-- intializedriver -->
        <test-method signature="positiveE2EOrderCreation(java.util.HashMap)[pri:0, instance:PracticeProblemsSelenium.StandaloneTest@217ed35e]" started-at="2025-04-12T01:32:18 IST" name="positiveE2EOrderCreation" data-provider="getData" finished-at="2025-04-12T01:32:23 IST" duration-ms="5107" status="PASS">
          <params>
            <param index="0">
              <value>
                <![CDATA[{password=Test@12345, product=ZARA COAT 3, username=pritamkol1995@gmail.com}]]>
              </value>
            </param>
          </params>
          <reporter-output>
          </reporter-output>
        </test-method> <!-- positiveE2EOrderCreation -->
        <test-method is-config="true" signature="teardown()[pri:0, instance:PracticeProblemsSelenium.StandaloneTest@217ed35e]" started-at="2025-04-12T01:32:23 IST" name="teardown" finished-at="2025-04-12T01:32:23 IST" duration-ms="204" status="PASS">
          <reporter-output>
          </reporter-output>
        </test-method> <!-- teardown -->
      </class> <!-- PracticeProblemsSelenium.StandaloneTest -->
    </test> <!-- PositiveScenarios -->
  </suite> <!-- Suite -->
</testng-results>
