<?xml version="1.0" encoding="UTF-8"?>
<testng-results ignored="0" total="1" passed="1" failed="0" skipped="0">
  <reporter-output>
  </reporter-output>
  <suite started-at="2025-04-04T23:55:43 IST" name="Suite" finished-at="2025-04-04T23:55:46 IST" duration-ms="3495">
    <groups>
    </groups>
    <test started-at="2025-04-04T23:55:43 IST" name="Test" finished-at="2025-04-04T23:55:46 IST" duration-ms="3495">
      <class name="PracticeProblemsSelenium.PracticeSelenium">
        <test-method is-config="true" signature="beforeEachtest()[pri:0, instance:PracticeProblemsSelenium.PracticeSelenium@909217e]" started-at="2025-04-04T23:55:43 IST" name="beforeEachtest" finished-at="2025-04-04T23:55:44 IST" duration-ms="1134" status="PASS">
          <reporter-output>
          </reporter-output>
        </test-method> <!-- beforeEachtest -->
        <test-method signature="testJavascriptexecutor()[pri:0, instance:PracticeProblemsSelenium.PracticeSelenium@909217e]" started-at="2025-04-04T23:55:44 IST" name="testJavascriptexecutor" finished-at="2025-04-04T23:55:46 IST" duration-ms="2337" status="PASS">
          <reporter-output>
          </reporter-output>
        </test-method> <!-- testJavascriptexecutor -->
        <test-method is-config="true" signature="afterTest()[pri:0, instance:PracticeProblemsSelenium.PracticeSelenium@909217e]" started-at="2025-04-04T23:55:46 IST" name="afterTest" finished-at="2025-04-04T23:55:46 IST" duration-ms="0" status="PASS">
          <reporter-output>
          </reporter-output>
        </test-method> <!-- afterTest -->
      </class> <!-- PracticeProblemsSelenium.PracticeSelenium -->
    </test> <!-- Test -->
  </suite> <!-- Suite -->
</testng-results>
