<?xml version="1.0" encoding="UTF-8"?>
<testng-results ignored="0" total="3" passed="3" failed="0" skipped="0">
  <reporter-output>
  </reporter-output>
  <suite started-at="2025-03-30T13:39:29 IST" name="Default suite" finished-at="2025-03-30T13:39:34 IST" duration-ms="5195">
    <groups>
    </groups>
    <test started-at="2025-03-30T13:39:29 IST" name="Default test" finished-at="2025-03-30T13:39:34 IST" duration-ms="5195">
      <class name="PracticeProblemsSelenium.PracticeSelenium">
        <test-method is-config="true" signature="beforeEachtest()[pri:0, instance:PracticeProblemsSelenium.PracticeSelenium@7f485fda]" started-at="2025-03-30T13:39:29 IST" name="beforeEachtest" finished-at="2025-03-30T13:39:30 IST" duration-ms="1143" status="PASS">
          <reporter-output>
          </reporter-output>
        </test-method> <!-- beforeEachtest -->
        <test-method signature="testAlerts()[pri:0, instance:PracticeProblemsSelenium.PracticeSelenium@7f485fda]" started-at="2025-03-30T13:39:30 IST" name="testAlerts" finished-at="2025-03-30T13:39:33 IST" duration-ms="2418" status="PASS">
          <reporter-output>
          </reporter-output>
        </test-method> <!-- testAlerts -->
        <test-method signature="testCheckboxes()[pri:0, instance:PracticeProblemsSelenium.PracticeSelenium@7f485fda]" started-at="2025-03-30T13:39:33 IST" name="testCheckboxes" finished-at="2025-03-30T13:39:34 IST" duration-ms="1089" status="PASS">
          <reporter-output>
          </reporter-output>
        </test-method> <!-- testCheckboxes -->
        <test-method signature="testDropdowns()[pri:0, instance:PracticeProblemsSelenium.PracticeSelenium@7f485fda]" started-at="2025-03-30T13:39:34 IST" name="testDropdowns" finished-at="2025-03-30T13:39:34 IST" duration-ms="411" status="PASS">
          <reporter-output>
          </reporter-output>
        </test-method> <!-- testDropdowns -->
        <test-method is-config="true" signature="afterTest()[pri:0, instance:PracticeProblemsSelenium.PracticeSelenium@7f485fda]" started-at="2025-03-30T13:39:34 IST" name="afterTest" finished-at="2025-03-30T13:39:34 IST" duration-ms="103" status="PASS">
          <reporter-output>
          </reporter-output>
        </test-method> <!-- afterTest -->
      </class> <!-- PracticeProblemsSelenium.PracticeSelenium -->
    </test> <!-- Default test -->
  </suite> <!-- Default suite -->
</testng-results>
